2024-03-04 00:04:15,146 INFO: Logging setup complete [in /home/ubipi/third_wave/flask_server_ubi/app/configs/logging_config.py:44]
2024-03-04 00:04:15,153 INFO: Logging setup complete [in /home/ubipi/third_wave/flask_server_ubi/app/configs/logging_config.py:44]
2024-03-04 00:04:15,153 INFO: Logging setup complete [in /home/ubipi/third_wave/flask_server_ubi/app/configs/logging_config.py:44]
2024-03-04 00:19:16,170 INFO: Logging setup complete [in /home/ubipi/third_wave/flask_server_ubi/app/configs/logging_config.py:44]
2024-03-04 00:19:16,179 INFO: Logging setup complete [in /home/ubipi/third_wave/flask_server_ubi/app/configs/logging_config.py:44]
2024-03-04 00:19:16,179 INFO: Logging setup complete [in /home/ubipi/third_wave/flask_server_ubi/app/configs/logging_config.py:44]
2024-03-04 00:20:57,194 INFO: Logging setup complete [in /home/ubipi/third_wave/flask_server_ubi/app/configs/logging_config.py:44]
2024-03-04 00:20:57,201 INFO: Logging setup complete [in /home/ubipi/third_wave/flask_server_ubi/app/configs/logging_config.py:44]
2024-03-04 00:20:57,201 INFO: Logging setup complete [in /home/ubipi/third_wave/flask_server_ubi/app/configs/logging_config.py:44]
2024-03-04 00:21:59,878 INFO: Logging setup complete [in /home/ubipi/third_wave/flask_server_ubi/app/configs/logging_config.py:44]
2024-03-04 00:21:59,885 INFO: Logging setup complete [in /home/ubipi/third_wave/flask_server_ubi/app/configs/logging_config.py:44]
2024-03-04 00:21:59,885 INFO: Logging setup complete [in /home/ubipi/third_wave/flask_server_ubi/app/configs/logging_config.py:44]
2024-03-04 00:22:00,646 INFO: [31m[1mWARNING: This is a development server. Do not use it in a production deployment. Use a production WSGI server instead.[0m
 * Running on http://127.0.0.1:5000 [in /home/ubipi/third_wave/ai-dev/lib/python3.11/site-packages/werkzeug/_internal.py:96]
2024-03-04 00:22:00,646 INFO: [31m[1mWARNING: This is a development server. Do not use it in a production deployment. Use a production WSGI server instead.[0m
 * Running on http://127.0.0.1:5000 [in /home/ubipi/third_wave/ai-dev/lib/python3.11/site-packages/werkzeug/_internal.py:96]
2024-03-04 00:22:00,648 INFO: [33mPress CTRL+C to quit[0m [in /home/ubipi/third_wave/ai-dev/lib/python3.11/site-packages/werkzeug/_internal.py:96]
2024-03-04 00:22:00,648 INFO: [33mPress CTRL+C to quit[0m [in /home/ubipi/third_wave/ai-dev/lib/python3.11/site-packages/werkzeug/_internal.py:96]
2024-03-04 00:22:00,663 INFO:  * Restarting with stat [in /home/ubipi/third_wave/ai-dev/lib/python3.11/site-packages/werkzeug/_internal.py:96]
2024-03-04 00:22:00,663 INFO:  * Restarting with stat [in /home/ubipi/third_wave/ai-dev/lib/python3.11/site-packages/werkzeug/_internal.py:96]
2024-03-04 00:22:01,647 INFO: Logging setup complete [in /home/ubipi/third_wave/flask_server_ubi/app/configs/logging_config.py:44]
2024-03-04 00:22:01,654 INFO: Logging setup complete [in /home/ubipi/third_wave/flask_server_ubi/app/configs/logging_config.py:44]
2024-03-04 00:22:01,654 INFO: Logging setup complete [in /home/ubipi/third_wave/flask_server_ubi/app/configs/logging_config.py:44]
2024-03-04 00:22:02,393 WARNING:  * Debugger is active! [in /home/ubipi/third_wave/ai-dev/lib/python3.11/site-packages/werkzeug/_internal.py:96]
2024-03-04 00:22:02,393 WARNING:  * Debugger is active! [in /home/ubipi/third_wave/ai-dev/lib/python3.11/site-packages/werkzeug/_internal.py:96]
2024-03-04 00:22:02,395 INFO:  * Debugger PIN: 108-931-797 [in /home/ubipi/third_wave/ai-dev/lib/python3.11/site-packages/werkzeug/_internal.py:96]
2024-03-04 00:22:02,395 INFO:  * Debugger PIN: 108-931-797 [in /home/ubipi/third_wave/ai-dev/lib/python3.11/site-packages/werkzeug/_internal.py:96]
