2024-02-23 21:56:15,122 INFO:  * Restarting with stat [in /home/lila/flask_server_ubi/flask_api/lib/python3.11/site-packages/werkzeug/_internal.py:96]
2024-02-23 21:56:15,284 INFO: Logging setup complete [in /home/lila/flask_server_ubi/app/configs/logging_config.py:44]
2024-02-23 21:56:15,286 INFO: Logging setup complete [in /home/lila/flask_server_ubi/app/configs/logging_config.py:44]
2024-02-23 21:56:15,286 INFO: Logging setup complete [in /home/lila/flask_server_ubi/app/configs/logging_config.py:44]
2024-02-23 21:56:15,414 WARNING:  * Debugger is active! [in /home/lila/flask_server_ubi/flask_api/lib/python3.11/site-packages/werkzeug/_internal.py:96]
2024-02-23 21:56:15,414 WARNING:  * Debugger is active! [in /home/lila/flask_server_ubi/flask_api/lib/python3.11/site-packages/werkzeug/_internal.py:96]
2024-02-23 21:56:15,415 INFO:  * Debugger PIN: 578-068-875 [in /home/lila/flask_server_ubi/flask_api/lib/python3.11/site-packages/werkzeug/_internal.py:96]
2024-02-23 21:56:15,415 INFO:  * Debugger PIN: 578-068-875 [in /home/lila/flask_server_ubi/flask_api/lib/python3.11/site-packages/werkzeug/_internal.py:96]
2024-02-23 21:56:18,114 INFO: 127.0.0.1 - - [23/Feb/2024 21:56:18] "[33mGET / HTTP/1.1[0m" 404 - [in /home/lila/flask_server_ubi/flask_api/lib/python3.11/site-packages/werkzeug/_internal.py:96]
2024-02-23 21:56:18,114 INFO: 127.0.0.1 - - [23/Feb/2024 21:56:18] "[33mGET / HTTP/1.1[0m" 404 - [in /home/lila/flask_server_ubi/flask_api/lib/python3.11/site-packages/werkzeug/_internal.py:96]
2024-02-23 21:56:18,306 INFO: 127.0.0.1 - - [23/Feb/2024 21:56:18] "[33mGET /favicon.ico HTTP/1.1[0m" 404 - [in /home/lila/flask_server_ubi/flask_api/lib/python3.11/site-packages/werkzeug/_internal.py:96]
2024-02-23 21:56:18,306 INFO: 127.0.0.1 - - [23/Feb/2024 21:56:18] "[33mGET /favicon.ico HTTP/1.1[0m" 404 - [in /home/lila/flask_server_ubi/flask_api/lib/python3.11/site-packages/werkzeug/_internal.py:96]
2024-02-23 21:56:25,598 INFO: Sensor data collection initiated: ImmutableMultiDict([('sensor_id', '2'), ('time_stop', '30'), ('hertz', '2')]) [in /home/lila/flask_server_ubi/app/api/sensors.py:28]
2024-02-23 21:56:25,598 INFO: Sensor data collection initiated: ImmutableMultiDict([('sensor_id', '2'), ('time_stop', '30'), ('hertz', '2')]) [in /home/lila/flask_server_ubi/app/api/sensors.py:28]
2024-02-23 21:56:25,600 INFO: 127.0.0.1 - - [23/Feb/2024 21:56:25] "[35m[1mGET /api/sensors?sensor_id=2&time_stop=30&hertz=2 HTTP/1.1[0m" 202 - [in /home/lila/flask_server_ubi/flask_api/lib/python3.11/site-packages/werkzeug/_internal.py:96]
2024-02-23 21:56:25,600 INFO: 127.0.0.1 - - [23/Feb/2024 21:56:25] "[35m[1mGET /api/sensors?sensor_id=2&time_stop=30&hertz=2 HTTP/1.1[0m" 202 - [in /home/lila/flask_server_ubi/flask_api/lib/python3.11/site-packages/werkzeug/_internal.py:96]
2024-02-23 21:57:09,421 INFO: Sensor data collection initiated: ImmutableMultiDict([('sensor_id', '2'), ('time_stop', '30'), ('hertz', '50')]) [in /home/lila/flask_server_ubi/app/api/sensors.py:28]
2024-02-23 21:57:09,421 INFO: Sensor data collection initiated: ImmutableMultiDict([('sensor_id', '2'), ('time_stop', '30'), ('hertz', '50')]) [in /home/lila/flask_server_ubi/app/api/sensors.py:28]
2024-02-23 21:57:09,423 INFO: 127.0.0.1 - - [23/Feb/2024 21:57:09] "[35m[1mGET /api/sensors?sensor_id=2&time_stop=30&hertz=50 HTTP/1.1[0m" 202 - [in /home/lila/flask_server_ubi/flask_api/lib/python3.11/site-packages/werkzeug/_internal.py:96]
2024-02-23 21:57:09,423 INFO: 127.0.0.1 - - [23/Feb/2024 21:57:09] "[35m[1mGET /api/sensors?sensor_id=2&time_stop=30&hertz=50 HTTP/1.1[0m" 202 - [in /home/lila/flask_server_ubi/flask_api/lib/python3.11/site-packages/werkzeug/_internal.py:96]
2024-02-23 21:58:24,035 INFO:  * Detected change in '/home/lila/flask_server_ubi/app/api/sensors.py', reloading [in /home/lila/flask_server_ubi/flask_api/lib/python3.11/site-packages/werkzeug/_internal.py:96]
2024-02-23 21:58:24,035 INFO:  * Detected change in '/home/lila/flask_server_ubi/app/api/sensors.py', reloading [in /home/lila/flask_server_ubi/flask_api/lib/python3.11/site-packages/werkzeug/_internal.py:96]
2024-02-23 21:58:24,143 INFO:  * Restarting with stat [in /home/lila/flask_server_ubi/flask_api/lib/python3.11/site-packages/werkzeug/_internal.py:96]
2024-02-23 21:58:24,295 INFO: Logging setup complete [in /home/lila/flask_server_ubi/app/configs/logging_config.py:44]
2024-02-23 21:58:24,296 INFO: Logging setup complete [in /home/lila/flask_server_ubi/app/configs/logging_config.py:44]
2024-02-23 21:58:24,296 INFO: Logging setup complete [in /home/lila/flask_server_ubi/app/configs/logging_config.py:44]
2024-02-23 21:58:24,420 WARNING:  * Debugger is active! [in /home/lila/flask_server_ubi/flask_api/lib/python3.11/site-packages/werkzeug/_internal.py:96]
2024-02-23 21:58:24,420 WARNING:  * Debugger is active! [in /home/lila/flask_server_ubi/flask_api/lib/python3.11/site-packages/werkzeug/_internal.py:96]
2024-02-23 21:58:24,420 INFO:  * Debugger PIN: 578-068-875 [in /home/lila/flask_server_ubi/flask_api/lib/python3.11/site-packages/werkzeug/_internal.py:96]
2024-02-23 21:58:24,420 INFO:  * Debugger PIN: 578-068-875 [in /home/lila/flask_server_ubi/flask_api/lib/python3.11/site-packages/werkzeug/_internal.py:96]
2024-02-23 21:59:00,591 INFO:  * Detected change in '/home/lila/flask_server_ubi/app/api/sensors.py', reloading [in /home/lila/flask_server_ubi/flask_api/lib/python3.11/site-packages/werkzeug/_internal.py:96]
2024-02-23 21:59:00,591 INFO:  * Detected change in '/home/lila/flask_server_ubi/app/api/sensors.py', reloading [in /home/lila/flask_server_ubi/flask_api/lib/python3.11/site-packages/werkzeug/_internal.py:96]
2024-02-23 21:59:00,706 INFO:  * Restarting with stat [in /home/lila/flask_server_ubi/flask_api/lib/python3.11/site-packages/werkzeug/_internal.py:96]
2024-02-23 21:59:00,864 INFO: Logging setup complete [in /home/lila/flask_server_ubi/app/configs/logging_config.py:44]
2024-02-23 21:59:00,865 INFO: Logging setup complete [in /home/lila/flask_server_ubi/app/configs/logging_config.py:44]
2024-02-23 21:59:00,865 INFO: Logging setup complete [in /home/lila/flask_server_ubi/app/configs/logging_config.py:44]
2024-02-23 21:59:00,993 WARNING:  * Debugger is active! [in /home/lila/flask_server_ubi/flask_api/lib/python3.11/site-packages/werkzeug/_internal.py:96]
2024-02-23 21:59:00,993 WARNING:  * Debugger is active! [in /home/lila/flask_server_ubi/flask_api/lib/python3.11/site-packages/werkzeug/_internal.py:96]
2024-02-23 21:59:00,994 INFO:  * Debugger PIN: 578-068-875 [in /home/lila/flask_server_ubi/flask_api/lib/python3.11/site-packages/werkzeug/_internal.py:96]
2024-02-23 21:59:00,994 INFO:  * Debugger PIN: 578-068-875 [in /home/lila/flask_server_ubi/flask_api/lib/python3.11/site-packages/werkzeug/_internal.py:96]
2024-02-23 21:59:06,314 INFO: Starting sensor data collection for 30 seconds at 50 hertzs. [in /home/lila/flask_server_ubi/app/utils/rpi.py:52]
2024-02-23 21:59:06,314 INFO: Starting sensor data collection for 30 seconds at 50 hertzs. [in /home/lila/flask_server_ubi/app/utils/rpi.py:52]
2024-02-23 21:59:06,314 INFO: Sensor data collection initiated: ImmutableMultiDict([('sensor_id', '2'), ('time_stop', '30'), ('hertz', '50')]) [in /home/lila/flask_server_ubi/app/api/sensors.py:28]
2024-02-23 21:59:06,314 INFO: Sensor data collection initiated: ImmutableMultiDict([('sensor_id', '2'), ('time_stop', '30'), ('hertz', '50')]) [in /home/lila/flask_server_ubi/app/api/sensors.py:28]
2024-02-23 21:59:06,316 INFO: 127.0.0.1 - - [23/Feb/2024 21:59:06] "[35m[1mGET /api/sensors?sensor_id=2&time_stop=30&hertz=50 HTTP/1.1[0m" 202 - [in /home/lila/flask_server_ubi/flask_api/lib/python3.11/site-packages/werkzeug/_internal.py:96]
2024-02-23 21:59:06,316 INFO: 127.0.0.1 - - [23/Feb/2024 21:59:06] "[35m[1mGET /api/sensors?sensor_id=2&time_stop=30&hertz=50 HTTP/1.1[0m" 202 - [in /home/lila/flask_server_ubi/flask_api/lib/python3.11/site-packages/werkzeug/_internal.py:96]
2024-02-23 21:59:17,150 ERROR: Failed to write to CSV: [Errno 11] Resource temporarily unavailable [in /home/lila/flask_server_ubi/app/utils/rpi.py:80]
2024-02-23 21:59:17,150 ERROR: Failed to write to CSV: [Errno 11] Resource temporarily unavailable [in /home/lila/flask_server_ubi/app/utils/rpi.py:80]
2024-02-23 22:00:36,457 INFO:  * Detected change in '/home/lila/flask_server_ubi/app/utils/rpi.py', reloading [in /home/lila/flask_server_ubi/flask_api/lib/python3.11/site-packages/werkzeug/_internal.py:96]
2024-02-23 22:00:36,457 INFO:  * Detected change in '/home/lila/flask_server_ubi/app/utils/rpi.py', reloading [in /home/lila/flask_server_ubi/flask_api/lib/python3.11/site-packages/werkzeug/_internal.py:96]
2024-02-23 22:00:36,579 INFO:  * Restarting with stat [in /home/lila/flask_server_ubi/flask_api/lib/python3.11/site-packages/werkzeug/_internal.py:96]
2024-02-23 22:00:44,023 INFO:  * Restarting with stat [in /home/lila/flask_server_ubi/flask_api/lib/python3.11/site-packages/werkzeug/_internal.py:96]
2024-02-23 22:00:51,476 INFO:  * Restarting with stat [in /home/lila/flask_server_ubi/flask_api/lib/python3.11/site-packages/werkzeug/_internal.py:96]
2024-02-23 22:01:53,158 INFO:  * Restarting with stat [in /home/lila/flask_server_ubi/flask_api/lib/python3.11/site-packages/werkzeug/_internal.py:96]
2024-02-23 22:02:14,643 INFO:  * Restarting with stat [in /home/lila/flask_server_ubi/flask_api/lib/python3.11/site-packages/werkzeug/_internal.py:96]
