2024-02-24 10:35:39,150 INFO: Logging setup complete [in /home/estelle/flask_server_ubi/app/configs/logging_config.py:44]
2024-02-24 10:35:39,151 INFO: Logging setup complete [in /home/estelle/flask_server_ubi/app/configs/logging_config.py:44]
2024-02-24 10:35:39,151 INFO: Logging setup complete [in /home/estelle/flask_server_ubi/app/configs/logging_config.py:44]
2024-02-24 10:46:53,743 INFO: Logging setup complete [in /home/estelle/flask_server_ubi/app/configs/logging_config.py:44]
2024-02-24 10:46:53,746 INFO: Logging setup complete [in /home/estelle/flask_server_ubi/app/configs/logging_config.py:44]
2024-02-24 10:46:53,746 INFO: Logging setup complete [in /home/estelle/flask_server_ubi/app/configs/logging_config.py:44]
2024-02-24 10:46:54,903 INFO: [31m[1mWARNING: This is a development server. Do not use it in a production deployment. Use a production WSGI server instead.[0m
 * Running on http://127.0.0.1:5000 [in /home/estelle/flask_server_ubi/flask_api/lib/python3.11/site-packages/werkzeug/_internal.py:96]
2024-02-24 10:46:54,903 INFO: [31m[1mWARNING: This is a development server. Do not use it in a production deployment. Use a production WSGI server instead.[0m
 * Running on http://127.0.0.1:5000 [in /home/estelle/flask_server_ubi/flask_api/lib/python3.11/site-packages/werkzeug/_internal.py:96]
2024-02-24 10:46:54,903 INFO: [33mPress CTRL+C to quit[0m [in /home/estelle/flask_server_ubi/flask_api/lib/python3.11/site-packages/werkzeug/_internal.py:96]
2024-02-24 10:46:54,903 INFO: [33mPress CTRL+C to quit[0m [in /home/estelle/flask_server_ubi/flask_api/lib/python3.11/site-packages/werkzeug/_internal.py:96]
2024-02-24 10:46:54,914 INFO:  * Restarting with stat [in /home/estelle/flask_server_ubi/flask_api/lib/python3.11/site-packages/werkzeug/_internal.py:96]
2024-02-24 10:46:54,914 INFO:  * Restarting with stat [in /home/estelle/flask_server_ubi/flask_api/lib/python3.11/site-packages/werkzeug/_internal.py:96]
2024-02-24 10:46:55,076 INFO: Logging setup complete [in /home/estelle/flask_server_ubi/app/configs/logging_config.py:44]
2024-02-24 10:46:55,078 INFO: Logging setup complete [in /home/estelle/flask_server_ubi/app/configs/logging_config.py:44]
2024-02-24 10:46:55,078 INFO: Logging setup complete [in /home/estelle/flask_server_ubi/app/configs/logging_config.py:44]
2024-02-24 10:46:55,209 WARNING:  * Debugger is active! [in /home/estelle/flask_server_ubi/flask_api/lib/python3.11/site-packages/werkzeug/_internal.py:96]
2024-02-24 10:46:55,209 WARNING:  * Debugger is active! [in /home/estelle/flask_server_ubi/flask_api/lib/python3.11/site-packages/werkzeug/_internal.py:96]
2024-02-24 10:46:55,210 INFO:  * Debugger PIN: 134-948-542 [in /home/estelle/flask_server_ubi/flask_api/lib/python3.11/site-packages/werkzeug/_internal.py:96]
2024-02-24 10:46:55,210 INFO:  * Debugger PIN: 134-948-542 [in /home/estelle/flask_server_ubi/flask_api/lib/python3.11/site-packages/werkzeug/_internal.py:96]
